<?xml version="1.0" encoding="UTF-8"?>
<testng-results ignored="0" total="1" passed="1" failed="0" skipped="0">
  <reporter-output>
  </reporter-output>
  <suite started-at="2023-11-02T03:24:09Z" name="Suite" finished-at="2023-11-02T03:24:14Z" duration-ms="4675">
    <groups>
    </groups>
    <test started-at="2023-11-02T03:24:09Z" name="Test" finished-at="2023-11-02T03:24:14Z" duration-ms="4675">
      <class name="rEQRESExample.TC_01_VerifyListUser">
        <test-method signature="verifyListUser()[pri:0, instance:rEQRESExample.TC_01_VerifyListUser@1573f9fc]" started-at="2023-11-01T20:24:09Z" name="verifyListUser" finished-at="2023-11-01T20:24:14Z" duration-ms="4662" status="PASS">
          <reporter-output>
          </reporter-output>
        </test-method> <!-- verifyListUser -->
      </class> <!-- rEQRESExample.TC_01_VerifyListUser -->
    </test> <!-- Test -->
  </suite> <!-- Suite -->
</testng-results>
