<?xml version="1.0" encoding="UTF-8"?>
<testng-results skipped="0" failed="0" total="1" passed="1">
  <reporter-output>
  </reporter-output>
  <suite name="Default suite" duration-ms="3037" started-at="2023-11-02T03:13:33Z" finished-at="2023-11-02T03:13:36Z">
    <groups>
    </groups>
    <test name="Default test" duration-ms="3037" started-at="2023-11-02T03:13:33Z" finished-at="2023-11-02T03:13:36Z">
      <class name="rEQRESExample.TC_01_VerifyListUser">
        <test-method status="PASS" signature="verifyListUser()[pri:0, instance:rEQRESExample.TC_01_VerifyListUser@34033bd0]" name="verifyListUser" duration-ms="2974" started-at="2023-11-01T20:13:33Z" finished-at="2023-11-01T20:13:36Z">
          <reporter-output>
          </reporter-output>
        </test-method> <!-- verifyListUser -->
      </class> <!-- rEQRESExample.TC_01_VerifyListUser -->
    </test> <!-- Default test -->
  </suite> <!-- Default suite -->
</testng-results>
